[2025-02-20T06:28:49.911+0000] {processor.py:161} INFO - Started process (PID=37) to work on /opt/airflow/dags/exampledag.py
[2025-02-20T06:28:49.912+0000] {processor.py:830} INFO - Processing file /opt/airflow/dags/exampledag.py for tasks to queue
[2025-02-20T06:28:49.913+0000] {logging_mixin.py:188} INFO - [2025-02-20T06:28:49.912+0000] {dagbag.py:545} INFO - Filling up the DagBag from /opt/airflow/dags/exampledag.py
[2025-02-20T06:28:49.929+0000] {processor.py:840} INFO - DAG(s) 'example_astronauts' retrieved from /opt/airflow/dags/exampledag.py
[2025-02-20T06:28:50.012+0000] {logging_mixin.py:188} INFO - [2025-02-20T06:28:50.012+0000] {override.py:1858} INFO - Created Permission View: can read on DAG:example_astronauts
[2025-02-20T06:28:50.016+0000] {logging_mixin.py:188} INFO - [2025-02-20T06:28:50.016+0000] {override.py:1858} INFO - Created Permission View: can delete on DAG:example_astronauts
[2025-02-20T06:28:50.019+0000] {logging_mixin.py:188} INFO - [2025-02-20T06:28:50.019+0000] {override.py:1858} INFO - Created Permission View: can edit on DAG:example_astronauts
[2025-02-20T06:28:50.019+0000] {logging_mixin.py:188} INFO - [2025-02-20T06:28:50.019+0000] {dag.py:3089} INFO - Sync 1 DAGs
[2025-02-20T06:28:50.025+0000] {logging_mixin.py:188} INFO - [2025-02-20T06:28:50.025+0000] {dag.py:3111} INFO - Creating ORM DAG for example_astronauts
[2025-02-20T06:28:50.032+0000] {logging_mixin.py:188} INFO - [2025-02-20T06:28:50.032+0000] {dag.py:3947} INFO - Setting next_dagrun for example_astronauts to 2025-02-19 00:00:00+00:00, run_after=2025-02-20 00:00:00+00:00
[2025-02-20T06:28:50.044+0000] {processor.py:183} INFO - Processing /opt/airflow/dags/exampledag.py took 0.137 seconds
[2025-02-20T06:29:20.097+0000] {processor.py:161} INFO - Started process (PID=55) to work on /opt/airflow/dags/exampledag.py
[2025-02-20T06:29:20.098+0000] {processor.py:830} INFO - Processing file /opt/airflow/dags/exampledag.py for tasks to queue
[2025-02-20T06:29:20.099+0000] {logging_mixin.py:188} INFO - [2025-02-20T06:29:20.098+0000] {dagbag.py:545} INFO - Filling up the DagBag from /opt/airflow/dags/exampledag.py
[2025-02-20T06:29:20.116+0000] {processor.py:840} INFO - DAG(s) 'example_astronauts' retrieved from /opt/airflow/dags/exampledag.py
[2025-02-20T06:29:20.141+0000] {logging_mixin.py:188} INFO - [2025-02-20T06:29:20.141+0000] {dag.py:3089} INFO - Sync 1 DAGs
[2025-02-20T06:29:20.155+0000] {logging_mixin.py:188} INFO - [2025-02-20T06:29:20.155+0000] {dag.py:3947} INFO - Setting next_dagrun for example_astronauts to 2025-02-19 00:00:00+00:00, run_after=2025-02-20 00:00:00+00:00
[2025-02-20T06:29:20.168+0000] {processor.py:183} INFO - Processing /opt/airflow/dags/exampledag.py took 0.084 seconds
[2025-02-20T06:29:50.278+0000] {processor.py:161} INFO - Started process (PID=56) to work on /opt/airflow/dags/exampledag.py
[2025-02-20T06:29:50.278+0000] {processor.py:830} INFO - Processing file /opt/airflow/dags/exampledag.py for tasks to queue
[2025-02-20T06:29:50.279+0000] {logging_mixin.py:188} INFO - [2025-02-20T06:29:50.279+0000] {dagbag.py:545} INFO - Filling up the DagBag from /opt/airflow/dags/exampledag.py
[2025-02-20T06:29:50.296+0000] {processor.py:840} INFO - DAG(s) 'example_astronauts' retrieved from /opt/airflow/dags/exampledag.py
[2025-02-20T06:29:50.326+0000] {logging_mixin.py:188} INFO - [2025-02-20T06:29:50.326+0000] {dag.py:3089} INFO - Sync 1 DAGs
[2025-02-20T06:29:50.342+0000] {logging_mixin.py:188} INFO - [2025-02-20T06:29:50.341+0000] {dag.py:3947} INFO - Setting next_dagrun for example_astronauts to 2025-02-19 00:00:00+00:00, run_after=2025-02-20 00:00:00+00:00
[2025-02-20T06:29:50.358+0000] {processor.py:183} INFO - Processing /opt/airflow/dags/exampledag.py took 0.088 seconds
[2025-02-20T06:30:20.546+0000] {processor.py:161} INFO - Started process (PID=66) to work on /opt/airflow/dags/exampledag.py
[2025-02-20T06:30:20.547+0000] {processor.py:830} INFO - Processing file /opt/airflow/dags/exampledag.py for tasks to queue
[2025-02-20T06:30:20.548+0000] {logging_mixin.py:188} INFO - [2025-02-20T06:30:20.547+0000] {dagbag.py:545} INFO - Filling up the DagBag from /opt/airflow/dags/exampledag.py
[2025-02-20T06:30:20.558+0000] {processor.py:840} INFO - DAG(s) 'example_astronauts' retrieved from /opt/airflow/dags/exampledag.py
[2025-02-20T06:30:20.581+0000] {logging_mixin.py:188} INFO - [2025-02-20T06:30:20.581+0000] {dag.py:3089} INFO - Sync 1 DAGs
[2025-02-20T06:30:20.595+0000] {logging_mixin.py:188} INFO - [2025-02-20T06:30:20.594+0000] {dag.py:3947} INFO - Setting next_dagrun for example_astronauts to 2025-02-20 00:00:00+00:00, run_after=2025-02-21 00:00:00+00:00
[2025-02-20T06:30:20.609+0000] {processor.py:183} INFO - Processing /opt/airflow/dags/exampledag.py took 0.069 seconds
[2025-02-20T06:30:50.708+0000] {processor.py:161} INFO - Started process (PID=67) to work on /opt/airflow/dags/exampledag.py
[2025-02-20T06:30:50.709+0000] {processor.py:830} INFO - Processing file /opt/airflow/dags/exampledag.py for tasks to queue
[2025-02-20T06:30:50.709+0000] {logging_mixin.py:188} INFO - [2025-02-20T06:30:50.709+0000] {dagbag.py:545} INFO - Filling up the DagBag from /opt/airflow/dags/exampledag.py
[2025-02-20T06:30:50.729+0000] {processor.py:840} INFO - DAG(s) 'example_astronauts' retrieved from /opt/airflow/dags/exampledag.py
[2025-02-20T06:30:50.759+0000] {logging_mixin.py:188} INFO - [2025-02-20T06:30:50.759+0000] {dag.py:3089} INFO - Sync 1 DAGs
[2025-02-20T06:30:50.783+0000] {logging_mixin.py:188} INFO - [2025-02-20T06:30:50.783+0000] {dag.py:3947} INFO - Setting next_dagrun for example_astronauts to 2025-02-20 00:00:00+00:00, run_after=2025-02-21 00:00:00+00:00
[2025-02-20T06:30:50.801+0000] {processor.py:183} INFO - Processing /opt/airflow/dags/exampledag.py took 0.100 seconds
[2025-02-20T06:31:20.916+0000] {processor.py:161} INFO - Started process (PID=77) to work on /opt/airflow/dags/exampledag.py
[2025-02-20T06:31:20.916+0000] {processor.py:830} INFO - Processing file /opt/airflow/dags/exampledag.py for tasks to queue
[2025-02-20T06:31:20.917+0000] {logging_mixin.py:188} INFO - [2025-02-20T06:31:20.916+0000] {dagbag.py:545} INFO - Filling up the DagBag from /opt/airflow/dags/exampledag.py
[2025-02-20T06:31:20.924+0000] {processor.py:840} INFO - DAG(s) 'example_astronauts' retrieved from /opt/airflow/dags/exampledag.py
[2025-02-20T06:31:20.943+0000] {logging_mixin.py:188} INFO - [2025-02-20T06:31:20.943+0000] {dag.py:3089} INFO - Sync 1 DAGs
[2025-02-20T06:31:20.955+0000] {logging_mixin.py:188} INFO - [2025-02-20T06:31:20.955+0000] {dag.py:3947} INFO - Setting next_dagrun for example_astronauts to 2025-02-20 00:00:00+00:00, run_after=2025-02-21 00:00:00+00:00
[2025-02-20T06:31:20.969+0000] {processor.py:183} INFO - Processing /opt/airflow/dags/exampledag.py took 0.056 seconds
[2025-02-20T06:31:51.162+0000] {processor.py:161} INFO - Started process (PID=78) to work on /opt/airflow/dags/exampledag.py
[2025-02-20T06:31:51.162+0000] {processor.py:830} INFO - Processing file /opt/airflow/dags/exampledag.py for tasks to queue
[2025-02-20T06:31:51.163+0000] {logging_mixin.py:188} INFO - [2025-02-20T06:31:51.163+0000] {dagbag.py:545} INFO - Filling up the DagBag from /opt/airflow/dags/exampledag.py
[2025-02-20T06:31:51.180+0000] {processor.py:840} INFO - DAG(s) 'example_astronauts' retrieved from /opt/airflow/dags/exampledag.py
[2025-02-20T06:31:51.221+0000] {logging_mixin.py:188} INFO - [2025-02-20T06:31:51.221+0000] {dag.py:3089} INFO - Sync 1 DAGs
[2025-02-20T06:31:51.240+0000] {logging_mixin.py:188} INFO - [2025-02-20T06:31:51.240+0000] {dag.py:3947} INFO - Setting next_dagrun for example_astronauts to 2025-02-20 00:00:00+00:00, run_after=2025-02-21 00:00:00+00:00
[2025-02-20T06:31:51.256+0000] {processor.py:183} INFO - Processing /opt/airflow/dags/exampledag.py took 0.100 seconds
[2025-02-20T06:32:21.349+0000] {processor.py:161} INFO - Started process (PID=88) to work on /opt/airflow/dags/exampledag.py
[2025-02-20T06:32:21.349+0000] {processor.py:830} INFO - Processing file /opt/airflow/dags/exampledag.py for tasks to queue
[2025-02-20T06:32:21.350+0000] {logging_mixin.py:188} INFO - [2025-02-20T06:32:21.350+0000] {dagbag.py:545} INFO - Filling up the DagBag from /opt/airflow/dags/exampledag.py
[2025-02-20T06:32:21.370+0000] {processor.py:840} INFO - DAG(s) 'example_astronauts' retrieved from /opt/airflow/dags/exampledag.py
[2025-02-20T06:32:21.395+0000] {logging_mixin.py:188} INFO - [2025-02-20T06:32:21.395+0000] {dag.py:3089} INFO - Sync 1 DAGs
[2025-02-20T06:32:21.411+0000] {logging_mixin.py:188} INFO - [2025-02-20T06:32:21.411+0000] {dag.py:3947} INFO - Setting next_dagrun for example_astronauts to 2025-02-20 00:00:00+00:00, run_after=2025-02-21 00:00:00+00:00
[2025-02-20T06:32:21.424+0000] {processor.py:183} INFO - Processing /opt/airflow/dags/exampledag.py took 0.081 seconds
[2025-02-20T06:32:51.617+0000] {processor.py:161} INFO - Started process (PID=89) to work on /opt/airflow/dags/exampledag.py
[2025-02-20T06:32:51.618+0000] {processor.py:830} INFO - Processing file /opt/airflow/dags/exampledag.py for tasks to queue
[2025-02-20T06:32:51.619+0000] {logging_mixin.py:188} INFO - [2025-02-20T06:32:51.619+0000] {dagbag.py:545} INFO - Filling up the DagBag from /opt/airflow/dags/exampledag.py
[2025-02-20T06:32:51.636+0000] {processor.py:840} INFO - DAG(s) 'example_astronauts' retrieved from /opt/airflow/dags/exampledag.py
[2025-02-20T06:32:51.663+0000] {logging_mixin.py:188} INFO - [2025-02-20T06:32:51.663+0000] {dag.py:3089} INFO - Sync 1 DAGs
[2025-02-20T06:32:51.681+0000] {logging_mixin.py:188} INFO - [2025-02-20T06:32:51.681+0000] {dag.py:3947} INFO - Setting next_dagrun for example_astronauts to 2025-02-20 00:00:00+00:00, run_after=2025-02-21 00:00:00+00:00
[2025-02-20T06:32:51.695+0000] {processor.py:183} INFO - Processing /opt/airflow/dags/exampledag.py took 0.085 seconds
[2025-02-20T06:33:21.819+0000] {processor.py:161} INFO - Started process (PID=99) to work on /opt/airflow/dags/exampledag.py
[2025-02-20T06:33:21.820+0000] {processor.py:830} INFO - Processing file /opt/airflow/dags/exampledag.py for tasks to queue
[2025-02-20T06:33:21.821+0000] {logging_mixin.py:188} INFO - [2025-02-20T06:33:21.820+0000] {dagbag.py:545} INFO - Filling up the DagBag from /opt/airflow/dags/exampledag.py
[2025-02-20T06:33:21.833+0000] {processor.py:840} INFO - DAG(s) 'example_astronauts' retrieved from /opt/airflow/dags/exampledag.py
[2025-02-20T06:33:21.861+0000] {logging_mixin.py:188} INFO - [2025-02-20T06:33:21.860+0000] {dag.py:3089} INFO - Sync 1 DAGs
[2025-02-20T06:33:21.877+0000] {logging_mixin.py:188} INFO - [2025-02-20T06:33:21.877+0000] {dag.py:3947} INFO - Setting next_dagrun for example_astronauts to 2025-02-20 00:00:00+00:00, run_after=2025-02-21 00:00:00+00:00
[2025-02-20T06:33:21.892+0000] {processor.py:183} INFO - Processing /opt/airflow/dags/exampledag.py took 0.077 seconds
[2025-02-20T06:33:52.088+0000] {processor.py:161} INFO - Started process (PID=100) to work on /opt/airflow/dags/exampledag.py
[2025-02-20T06:33:52.088+0000] {processor.py:830} INFO - Processing file /opt/airflow/dags/exampledag.py for tasks to queue
[2025-02-20T06:33:52.089+0000] {logging_mixin.py:188} INFO - [2025-02-20T06:33:52.089+0000] {dagbag.py:545} INFO - Filling up the DagBag from /opt/airflow/dags/exampledag.py
[2025-02-20T06:33:52.104+0000] {processor.py:840} INFO - DAG(s) 'example_astronauts' retrieved from /opt/airflow/dags/exampledag.py
[2025-02-20T06:33:52.134+0000] {logging_mixin.py:188} INFO - [2025-02-20T06:33:52.134+0000] {dag.py:3089} INFO - Sync 1 DAGs
[2025-02-20T06:33:52.151+0000] {logging_mixin.py:188} INFO - [2025-02-20T06:33:52.151+0000] {dag.py:3947} INFO - Setting next_dagrun for example_astronauts to 2025-02-20 00:00:00+00:00, run_after=2025-02-21 00:00:00+00:00
[2025-02-20T06:33:52.166+0000] {processor.py:183} INFO - Processing /opt/airflow/dags/exampledag.py took 0.084 seconds
[2025-02-20T06:34:22.307+0000] {processor.py:161} INFO - Started process (PID=109) to work on /opt/airflow/dags/exampledag.py
[2025-02-20T06:34:22.308+0000] {processor.py:830} INFO - Processing file /opt/airflow/dags/exampledag.py for tasks to queue
[2025-02-20T06:34:22.309+0000] {logging_mixin.py:188} INFO - [2025-02-20T06:34:22.309+0000] {dagbag.py:545} INFO - Filling up the DagBag from /opt/airflow/dags/exampledag.py
[2025-02-20T06:34:22.327+0000] {processor.py:840} INFO - DAG(s) 'example_astronauts' retrieved from /opt/airflow/dags/exampledag.py
[2025-02-20T06:34:22.359+0000] {logging_mixin.py:188} INFO - [2025-02-20T06:34:22.359+0000] {dag.py:3089} INFO - Sync 1 DAGs
[2025-02-20T06:34:22.380+0000] {logging_mixin.py:188} INFO - [2025-02-20T06:34:22.380+0000] {dag.py:3947} INFO - Setting next_dagrun for example_astronauts to 2025-02-20 00:00:00+00:00, run_after=2025-02-21 00:00:00+00:00
[2025-02-20T06:34:22.397+0000] {processor.py:183} INFO - Processing /opt/airflow/dags/exampledag.py took 0.097 seconds
[2025-02-20T06:34:52.555+0000] {processor.py:161} INFO - Started process (PID=110) to work on /opt/airflow/dags/exampledag.py
[2025-02-20T06:34:52.555+0000] {processor.py:830} INFO - Processing file /opt/airflow/dags/exampledag.py for tasks to queue
[2025-02-20T06:34:52.556+0000] {logging_mixin.py:188} INFO - [2025-02-20T06:34:52.556+0000] {dagbag.py:545} INFO - Filling up the DagBag from /opt/airflow/dags/exampledag.py
[2025-02-20T06:34:52.568+0000] {processor.py:840} INFO - DAG(s) 'example_astronauts' retrieved from /opt/airflow/dags/exampledag.py
[2025-02-20T06:34:52.592+0000] {logging_mixin.py:188} INFO - [2025-02-20T06:34:52.592+0000] {dag.py:3089} INFO - Sync 1 DAGs
[2025-02-20T06:34:52.606+0000] {logging_mixin.py:188} INFO - [2025-02-20T06:34:52.606+0000] {dag.py:3947} INFO - Setting next_dagrun for example_astronauts to 2025-02-20 00:00:00+00:00, run_after=2025-02-21 00:00:00+00:00
[2025-02-20T06:34:52.620+0000] {processor.py:183} INFO - Processing /opt/airflow/dags/exampledag.py took 0.071 seconds
[2025-02-20T06:35:22.781+0000] {processor.py:161} INFO - Started process (PID=120) to work on /opt/airflow/dags/exampledag.py
[2025-02-20T06:35:22.781+0000] {processor.py:830} INFO - Processing file /opt/airflow/dags/exampledag.py for tasks to queue
[2025-02-20T06:35:22.782+0000] {logging_mixin.py:188} INFO - [2025-02-20T06:35:22.782+0000] {dagbag.py:545} INFO - Filling up the DagBag from /opt/airflow/dags/exampledag.py
[2025-02-20T06:35:22.806+0000] {processor.py:840} INFO - DAG(s) 'example_astronauts' retrieved from /opt/airflow/dags/exampledag.py
[2025-02-20T06:35:22.854+0000] {logging_mixin.py:188} INFO - [2025-02-20T06:35:22.854+0000] {dag.py:3089} INFO - Sync 1 DAGs
[2025-02-20T06:35:22.879+0000] {logging_mixin.py:188} INFO - [2025-02-20T06:35:22.879+0000] {dag.py:3947} INFO - Setting next_dagrun for example_astronauts to 2025-02-20 00:00:00+00:00, run_after=2025-02-21 00:00:00+00:00
[2025-02-20T06:35:22.896+0000] {processor.py:183} INFO - Processing /opt/airflow/dags/exampledag.py took 0.121 seconds
[2025-02-20T06:35:53.017+0000] {processor.py:161} INFO - Started process (PID=121) to work on /opt/airflow/dags/exampledag.py
[2025-02-20T06:35:53.018+0000] {processor.py:830} INFO - Processing file /opt/airflow/dags/exampledag.py for tasks to queue
[2025-02-20T06:35:53.019+0000] {logging_mixin.py:188} INFO - [2025-02-20T06:35:53.019+0000] {dagbag.py:545} INFO - Filling up the DagBag from /opt/airflow/dags/exampledag.py
[2025-02-20T06:35:53.034+0000] {processor.py:840} INFO - DAG(s) 'example_astronauts' retrieved from /opt/airflow/dags/exampledag.py
[2025-02-20T06:35:53.077+0000] {logging_mixin.py:188} INFO - [2025-02-20T06:35:53.077+0000] {dag.py:3089} INFO - Sync 1 DAGs
[2025-02-20T06:35:53.092+0000] {logging_mixin.py:188} INFO - [2025-02-20T06:35:53.092+0000] {dag.py:3947} INFO - Setting next_dagrun for example_astronauts to 2025-02-20 00:00:00+00:00, run_after=2025-02-21 00:00:00+00:00
[2025-02-20T06:35:53.105+0000] {processor.py:183} INFO - Processing /opt/airflow/dags/exampledag.py took 0.094 seconds
[2025-02-20T06:36:23.278+0000] {processor.py:161} INFO - Started process (PID=131) to work on /opt/airflow/dags/exampledag.py
[2025-02-20T06:36:23.279+0000] {processor.py:830} INFO - Processing file /opt/airflow/dags/exampledag.py for tasks to queue
[2025-02-20T06:36:23.280+0000] {logging_mixin.py:188} INFO - [2025-02-20T06:36:23.280+0000] {dagbag.py:545} INFO - Filling up the DagBag from /opt/airflow/dags/exampledag.py
[2025-02-20T06:36:23.288+0000] {processor.py:840} INFO - DAG(s) 'example_astronauts' retrieved from /opt/airflow/dags/exampledag.py
[2025-02-20T06:36:23.308+0000] {logging_mixin.py:188} INFO - [2025-02-20T06:36:23.308+0000] {dag.py:3089} INFO - Sync 1 DAGs
[2025-02-20T06:36:23.321+0000] {logging_mixin.py:188} INFO - [2025-02-20T06:36:23.321+0000] {dag.py:3947} INFO - Setting next_dagrun for example_astronauts to 2025-02-20 00:00:00+00:00, run_after=2025-02-21 00:00:00+00:00
[2025-02-20T06:36:23.334+0000] {processor.py:183} INFO - Processing /opt/airflow/dags/exampledag.py took 0.059 seconds
[2025-02-20T06:36:53.492+0000] {processor.py:161} INFO - Started process (PID=132) to work on /opt/airflow/dags/exampledag.py
[2025-02-20T06:36:53.493+0000] {processor.py:830} INFO - Processing file /opt/airflow/dags/exampledag.py for tasks to queue
[2025-02-20T06:36:53.493+0000] {logging_mixin.py:188} INFO - [2025-02-20T06:36:53.493+0000] {dagbag.py:545} INFO - Filling up the DagBag from /opt/airflow/dags/exampledag.py
[2025-02-20T06:36:53.504+0000] {processor.py:840} INFO - DAG(s) 'example_astronauts' retrieved from /opt/airflow/dags/exampledag.py
[2025-02-20T06:36:53.526+0000] {logging_mixin.py:188} INFO - [2025-02-20T06:36:53.525+0000] {dag.py:3089} INFO - Sync 1 DAGs
[2025-02-20T06:36:53.544+0000] {logging_mixin.py:188} INFO - [2025-02-20T06:36:53.544+0000] {dag.py:3947} INFO - Setting next_dagrun for example_astronauts to 2025-02-20 00:00:00+00:00, run_after=2025-02-21 00:00:00+00:00
[2025-02-20T06:36:53.571+0000] {processor.py:183} INFO - Processing /opt/airflow/dags/exampledag.py took 0.084 seconds
[2025-02-20T06:37:23.684+0000] {processor.py:161} INFO - Started process (PID=142) to work on /opt/airflow/dags/exampledag.py
[2025-02-20T06:37:23.685+0000] {processor.py:830} INFO - Processing file /opt/airflow/dags/exampledag.py for tasks to queue
[2025-02-20T06:37:23.685+0000] {logging_mixin.py:188} INFO - [2025-02-20T06:37:23.685+0000] {dagbag.py:545} INFO - Filling up the DagBag from /opt/airflow/dags/exampledag.py
[2025-02-20T06:37:23.692+0000] {processor.py:840} INFO - DAG(s) 'example_astronauts' retrieved from /opt/airflow/dags/exampledag.py
[2025-02-20T06:37:23.713+0000] {logging_mixin.py:188} INFO - [2025-02-20T06:37:23.713+0000] {dag.py:3089} INFO - Sync 1 DAGs
[2025-02-20T06:37:23.725+0000] {logging_mixin.py:188} INFO - [2025-02-20T06:37:23.725+0000] {dag.py:3947} INFO - Setting next_dagrun for example_astronauts to 2025-02-20 00:00:00+00:00, run_after=2025-02-21 00:00:00+00:00
[2025-02-20T06:37:23.736+0000] {processor.py:183} INFO - Processing /opt/airflow/dags/exampledag.py took 0.054 seconds
[2025-02-20T06:37:53.891+0000] {processor.py:161} INFO - Started process (PID=143) to work on /opt/airflow/dags/exampledag.py
[2025-02-20T06:37:53.892+0000] {processor.py:830} INFO - Processing file /opt/airflow/dags/exampledag.py for tasks to queue
[2025-02-20T06:37:53.892+0000] {logging_mixin.py:188} INFO - [2025-02-20T06:37:53.892+0000] {dagbag.py:545} INFO - Filling up the DagBag from /opt/airflow/dags/exampledag.py
[2025-02-20T06:37:53.902+0000] {processor.py:840} INFO - DAG(s) 'example_astronauts' retrieved from /opt/airflow/dags/exampledag.py
[2025-02-20T06:37:53.927+0000] {logging_mixin.py:188} INFO - [2025-02-20T06:37:53.926+0000] {dag.py:3089} INFO - Sync 1 DAGs
[2025-02-20T06:37:53.940+0000] {logging_mixin.py:188} INFO - [2025-02-20T06:37:53.940+0000] {dag.py:3947} INFO - Setting next_dagrun for example_astronauts to 2025-02-20 00:00:00+00:00, run_after=2025-02-21 00:00:00+00:00
[2025-02-20T06:37:53.953+0000] {processor.py:183} INFO - Processing /opt/airflow/dags/exampledag.py took 0.066 seconds
[2025-02-20T06:38:24.143+0000] {processor.py:161} INFO - Started process (PID=153) to work on /opt/airflow/dags/exampledag.py
[2025-02-20T06:38:24.144+0000] {processor.py:830} INFO - Processing file /opt/airflow/dags/exampledag.py for tasks to queue
[2025-02-20T06:38:24.145+0000] {logging_mixin.py:188} INFO - [2025-02-20T06:38:24.144+0000] {dagbag.py:545} INFO - Filling up the DagBag from /opt/airflow/dags/exampledag.py
[2025-02-20T06:38:24.169+0000] {processor.py:840} INFO - DAG(s) 'example_astronauts' retrieved from /opt/airflow/dags/exampledag.py
[2025-02-20T06:38:24.202+0000] {logging_mixin.py:188} INFO - [2025-02-20T06:38:24.202+0000] {dag.py:3089} INFO - Sync 1 DAGs
[2025-02-20T06:38:24.220+0000] {logging_mixin.py:188} INFO - [2025-02-20T06:38:24.220+0000] {dag.py:3947} INFO - Setting next_dagrun for example_astronauts to 2025-02-20 00:00:00+00:00, run_after=2025-02-21 00:00:00+00:00
[2025-02-20T06:38:24.236+0000] {processor.py:183} INFO - Processing /opt/airflow/dags/exampledag.py took 0.104 seconds
[2025-02-20T06:38:54.301+0000] {processor.py:161} INFO - Started process (PID=154) to work on /opt/airflow/dags/exampledag.py
[2025-02-20T06:38:54.301+0000] {processor.py:830} INFO - Processing file /opt/airflow/dags/exampledag.py for tasks to queue
[2025-02-20T06:38:54.302+0000] {logging_mixin.py:188} INFO - [2025-02-20T06:38:54.301+0000] {dagbag.py:545} INFO - Filling up the DagBag from /opt/airflow/dags/exampledag.py
[2025-02-20T06:38:54.310+0000] {processor.py:840} INFO - DAG(s) 'example_astronauts' retrieved from /opt/airflow/dags/exampledag.py
[2025-02-20T06:38:54.330+0000] {logging_mixin.py:188} INFO - [2025-02-20T06:38:54.330+0000] {dag.py:3089} INFO - Sync 1 DAGs
[2025-02-20T06:38:54.342+0000] {logging_mixin.py:188} INFO - [2025-02-20T06:38:54.342+0000] {dag.py:3947} INFO - Setting next_dagrun for example_astronauts to 2025-02-20 00:00:00+00:00, run_after=2025-02-21 00:00:00+00:00
[2025-02-20T06:38:54.358+0000] {processor.py:183} INFO - Processing /opt/airflow/dags/exampledag.py took 0.060 seconds
[2025-02-20T06:39:24.488+0000] {processor.py:161} INFO - Started process (PID=164) to work on /opt/airflow/dags/exampledag.py
[2025-02-20T06:39:24.489+0000] {processor.py:830} INFO - Processing file /opt/airflow/dags/exampledag.py for tasks to queue
[2025-02-20T06:39:24.490+0000] {logging_mixin.py:188} INFO - [2025-02-20T06:39:24.490+0000] {dagbag.py:545} INFO - Filling up the DagBag from /opt/airflow/dags/exampledag.py
[2025-02-20T06:39:24.505+0000] {processor.py:840} INFO - DAG(s) 'example_astronauts' retrieved from /opt/airflow/dags/exampledag.py
[2025-02-20T06:39:24.533+0000] {logging_mixin.py:188} INFO - [2025-02-20T06:39:24.533+0000] {dag.py:3089} INFO - Sync 1 DAGs
[2025-02-20T06:39:24.551+0000] {logging_mixin.py:188} INFO - [2025-02-20T06:39:24.551+0000] {dag.py:3947} INFO - Setting next_dagrun for example_astronauts to 2025-02-20 00:00:00+00:00, run_after=2025-02-21 00:00:00+00:00
[2025-02-20T06:39:24.568+0000] {processor.py:183} INFO - Processing /opt/airflow/dags/exampledag.py took 0.084 seconds
[2025-02-20T06:39:54.685+0000] {processor.py:161} INFO - Started process (PID=165) to work on /opt/airflow/dags/exampledag.py
[2025-02-20T06:39:54.685+0000] {processor.py:830} INFO - Processing file /opt/airflow/dags/exampledag.py for tasks to queue
[2025-02-20T06:39:54.686+0000] {logging_mixin.py:188} INFO - [2025-02-20T06:39:54.685+0000] {dagbag.py:545} INFO - Filling up the DagBag from /opt/airflow/dags/exampledag.py
[2025-02-20T06:39:54.698+0000] {processor.py:840} INFO - DAG(s) 'example_astronauts' retrieved from /opt/airflow/dags/exampledag.py
[2025-02-20T06:39:54.716+0000] {logging_mixin.py:188} INFO - [2025-02-20T06:39:54.716+0000] {dag.py:3089} INFO - Sync 1 DAGs
[2025-02-20T06:39:54.728+0000] {logging_mixin.py:188} INFO - [2025-02-20T06:39:54.728+0000] {dag.py:3947} INFO - Setting next_dagrun for example_astronauts to 2025-02-20 00:00:00+00:00, run_after=2025-02-21 00:00:00+00:00
[2025-02-20T06:39:54.737+0000] {processor.py:183} INFO - Processing /opt/airflow/dags/exampledag.py took 0.055 seconds
