[2025-02-20T06:28:49.850+0000] {manager.py:470} INFO - Processing files using up to 2 processes at a time 
[2025-02-20T06:28:49.850+0000] {manager.py:471} INFO - Process each file at most once every 30 seconds
[2025-02-20T06:28:49.850+0000] {manager.py:472} INFO - Checking for new files in /opt/airflow/dags every 300 seconds
[2025-02-20T06:28:49.851+0000] {manager.py:737} INFO - Searching for files in /opt/airflow/dags
[2025-02-20T06:28:49.855+0000] {manager.py:740} INFO - There are 1 files in /opt/airflow/dags
[2025-02-20T06:28:49.921+0000] {manager.py:878} INFO - 
================================================================================
DAG File Processing Stats

File Path                          PID  Runtime      # DAGs    # Errors  Last Runtime    Last Run
-------------------------------  -----  ---------  --------  ----------  --------------  ----------
/opt/airflow/dags/exampledag.py     37  0.02s             0           0
================================================================================
[2025-02-20T06:29:20.074+0000] {manager.py:878} INFO - 
================================================================================
DAG File Processing Stats

File Path                          PID  Runtime      # DAGs    # Errors  Last Runtime    Last Run
-------------------------------  -----  ---------  --------  ----------  --------------  -------------------
/opt/airflow/dags/exampledag.py     55  0.00s             1           0  0.15s           2025-02-20T06:28:50
================================================================================
[2025-02-20T06:29:50.267+0000] {manager.py:878} INFO - 
================================================================================
DAG File Processing Stats

File Path                          PID  Runtime      # DAGs    # Errors  Last Runtime    Last Run
-------------------------------  -----  ---------  --------  ----------  --------------  -------------------
/opt/airflow/dags/exampledag.py     56  0.01s             1           0  0.10s           2025-02-20T06:29:20
================================================================================
[2025-02-20T06:30:20.538+0000] {manager.py:878} INFO - 
================================================================================
DAG File Processing Stats

File Path                          PID  Runtime      # DAGs    # Errors  Last Runtime    Last Run
-------------------------------  -----  ---------  --------  ----------  --------------  -------------------
/opt/airflow/dags/exampledag.py     66  0.00s             1           0  0.10s           2025-02-20T06:29:50
================================================================================
[2025-02-20T06:30:50.698+0000] {manager.py:878} INFO - 
================================================================================
DAG File Processing Stats

File Path                          PID  Runtime      # DAGs    # Errors  Last Runtime    Last Run
-------------------------------  -----  ---------  --------  ----------  --------------  -------------------
/opt/airflow/dags/exampledag.py     67  0.01s             1           0  0.08s           2025-02-20T06:30:20
================================================================================
[2025-02-20T06:31:20.911+0000] {manager.py:878} INFO - 
================================================================================
DAG File Processing Stats

File Path                          PID  Runtime      # DAGs    # Errors  Last Runtime    Last Run
-------------------------------  -----  ---------  --------  ----------  --------------  -------------------
/opt/airflow/dags/exampledag.py     77  0.00s             1           0  0.11s           2025-02-20T06:30:50
================================================================================
[2025-02-20T06:31:51.147+0000] {manager.py:878} INFO - 
================================================================================
DAG File Processing Stats

File Path                          PID  Runtime      # DAGs    # Errors  Last Runtime    Last Run
-------------------------------  -----  ---------  --------  ----------  --------------  -------------------
/opt/airflow/dags/exampledag.py     78  0.01s             1           0  0.06s           2025-02-20T06:31:20
================================================================================
[2025-02-20T06:32:21.341+0000] {manager.py:878} INFO - 
================================================================================
DAG File Processing Stats

File Path                          PID  Runtime      # DAGs    # Errors  Last Runtime    Last Run
-------------------------------  -----  ---------  --------  ----------  --------------  -------------------
/opt/airflow/dags/exampledag.py     88  0.01s             1           0  0.12s           2025-02-20T06:31:51
================================================================================
[2025-02-20T06:32:51.605+0000] {manager.py:878} INFO - 
================================================================================
DAG File Processing Stats

File Path                          PID  Runtime      # DAGs    # Errors  Last Runtime    Last Run
-------------------------------  -----  ---------  --------  ----------  --------------  -------------------
/opt/airflow/dags/exampledag.py     89  0.01s             1           0  0.09s           2025-02-20T06:32:21
================================================================================
[2025-02-20T06:33:21.814+0000] {manager.py:878} INFO - 
================================================================================
DAG File Processing Stats

File Path                          PID  Runtime      # DAGs    # Errors  Last Runtime    Last Run
-------------------------------  -----  ---------  --------  ----------  --------------  -------------------
/opt/airflow/dags/exampledag.py     99  0.00s             1           0  0.10s           2025-02-20T06:32:51
================================================================================
[2025-02-20T06:33:50.042+0000] {manager.py:737} INFO - Searching for files in /opt/airflow/dags
[2025-02-20T06:33:50.047+0000] {manager.py:740} INFO - There are 1 files in /opt/airflow/dags
[2025-02-20T06:33:52.079+0000] {manager.py:878} INFO - 
================================================================================
DAG File Processing Stats

File Path                          PID  Runtime      # DAGs    # Errors  Last Runtime    Last Run
-------------------------------  -----  ---------  --------  ----------  --------------  -------------------
/opt/airflow/dags/exampledag.py    100  0.00s             1           0  0.09s           2025-02-20T06:33:21
================================================================================
[2025-02-20T06:34:22.297+0000] {manager.py:878} INFO - 
================================================================================
DAG File Processing Stats

File Path                          PID  Runtime      # DAGs    # Errors  Last Runtime    Last Run
-------------------------------  -----  ---------  --------  ----------  --------------  -------------------
/opt/airflow/dags/exampledag.py    109  0.01s             1           0  0.09s           2025-02-20T06:33:52
================================================================================
[2025-02-20T06:34:52.545+0000] {manager.py:878} INFO - 
================================================================================
DAG File Processing Stats

File Path                          PID  Runtime      # DAGs    # Errors  Last Runtime    Last Run
-------------------------------  -----  ---------  --------  ----------  --------------  -------------------
/opt/airflow/dags/exampledag.py    110  0.01s             1           0  0.11s           2025-02-20T06:34:22
================================================================================
[2025-02-20T06:35:22.772+0000] {manager.py:878} INFO - 
================================================================================
DAG File Processing Stats

File Path                          PID  Runtime      # DAGs    # Errors  Last Runtime    Last Run
-------------------------------  -----  ---------  --------  ----------  --------------  -------------------
/opt/airflow/dags/exampledag.py    120  0.00s             1           0  0.09s           2025-02-20T06:34:52
================================================================================
[2025-02-20T06:35:53.008+0000] {manager.py:878} INFO - 
================================================================================
DAG File Processing Stats

File Path                          PID  Runtime      # DAGs    # Errors  Last Runtime    Last Run
-------------------------------  -----  ---------  --------  ----------  --------------  -------------------
/opt/airflow/dags/exampledag.py    121  0.01s             1           0  0.13s           2025-02-20T06:35:22
================================================================================
[2025-02-20T06:36:23.274+0000] {manager.py:878} INFO - 
================================================================================
DAG File Processing Stats

File Path                          PID  Runtime      # DAGs    # Errors  Last Runtime    Last Run
-------------------------------  -----  ---------  --------  ----------  --------------  -------------------
/opt/airflow/dags/exampledag.py    131  0.00s             1           0  0.11s           2025-02-20T06:35:53
================================================================================
[2025-02-20T06:36:53.484+0000] {manager.py:878} INFO - 
================================================================================
DAG File Processing Stats

File Path                          PID  Runtime      # DAGs    # Errors  Last Runtime    Last Run
-------------------------------  -----  ---------  --------  ----------  --------------  -------------------
/opt/airflow/dags/exampledag.py    132  0.00s             1           0  0.07s           2025-02-20T06:36:23
================================================================================
[2025-02-20T06:37:23.680+0000] {manager.py:878} INFO - 
================================================================================
DAG File Processing Stats

File Path                          PID  Runtime      # DAGs    # Errors  Last Runtime    Last Run
-------------------------------  -----  ---------  --------  ----------  --------------  -------------------
/opt/airflow/dags/exampledag.py    142  0.00s             1           0  0.10s           2025-02-20T06:36:53
================================================================================
[2025-02-20T06:37:53.885+0000] {manager.py:878} INFO - 
================================================================================
DAG File Processing Stats

File Path                          PID  Runtime      # DAGs    # Errors  Last Runtime    Last Run
-------------------------------  -----  ---------  --------  ----------  --------------  -------------------
/opt/airflow/dags/exampledag.py    143  0.00s             1           0  0.06s           2025-02-20T06:37:23
================================================================================
[2025-02-20T06:38:24.124+0000] {manager.py:878} INFO - 
================================================================================
DAG File Processing Stats

File Path                          PID  Runtime      # DAGs    # Errors  Last Runtime    Last Run
-------------------------------  -----  ---------  --------  ----------  --------------  -------------------
/opt/airflow/dags/exampledag.py    153  0.01s             1           0  0.08s           2025-02-20T06:37:53
================================================================================
[2025-02-20T06:38:50.267+0000] {manager.py:737} INFO - Searching for files in /opt/airflow/dags
[2025-02-20T06:38:50.270+0000] {manager.py:740} INFO - There are 1 files in /opt/airflow/dags
[2025-02-20T06:38:54.296+0000] {manager.py:878} INFO - 
================================================================================
DAG File Processing Stats

File Path                          PID  Runtime      # DAGs    # Errors  Last Runtime    Last Run
-------------------------------  -----  ---------  --------  ----------  --------------  -------------------
/opt/airflow/dags/exampledag.py    154  0.00s             1           0  0.12s           2025-02-20T06:38:24
================================================================================
[2025-02-20T06:39:24.481+0000] {manager.py:878} INFO - 
================================================================================
DAG File Processing Stats

File Path                          PID  Runtime      # DAGs    # Errors  Last Runtime    Last Run
-------------------------------  -----  ---------  --------  ----------  --------------  -------------------
/opt/airflow/dags/exampledag.py    164  0.00s             1           0  0.07s           2025-02-20T06:38:54
================================================================================
[2025-02-20T06:39:54.680+0000] {manager.py:878} INFO - 
================================================================================
DAG File Processing Stats

File Path                          PID  Runtime      # DAGs    # Errors  Last Runtime    Last Run
-------------------------------  -----  ---------  --------  ----------  --------------  -------------------
/opt/airflow/dags/exampledag.py    165  0.00s             1           0  0.10s           2025-02-20T06:39:24
================================================================================
